e:\c语言\c-language-learning\game1\game1\debug\vc142.pdb
e:\c语言\c-language-learning\game1\game1\debug\vc142.idb
e:\c语言\c-language-learning\game1\game1\debug\test.obj
e:\c语言\c-language-learning\game1\game1\debug\game1.obj
e:\c语言\c-language-learning\game1\debug\game1.pdb
e:\c语言\c-language-learning\game1\game1\debug\game1.tlog\cl.command.1.tlog
e:\c语言\c-language-learning\game1\game1\debug\game1.tlog\cl.read.1.tlog
e:\c语言\c-language-learning\game1\game1\debug\game1.tlog\cl.write.1.tlog
e:\c语言\c-language-learning\game1\game1\debug\game1.tlog\link-cvtres.read.1.tlog
e:\c语言\c-language-learning\game1\game1\debug\game1.tlog\link-cvtres.write.1.tlog
e:\c语言\c-language-learning\game1\game1\debug\game1.tlog\link-rc.read.1.tlog
e:\c语言\c-language-learning\game1\game1\debug\game1.tlog\link-rc.write.1.tlog
e:\c语言\c-language-learning\game1\game1\debug\game1.tlog\link.7812-cvtres.read.1.tlog
e:\c语言\c-language-learning\game1\game1\debug\game1.tlog\link.7812-cvtres.write.1.tlog
e:\c语言\c-language-learning\game1\game1\debug\game1.tlog\link.7812-rc.read.1.tlog
e:\c语言\c-language-learning\game1\game1\debug\game1.tlog\link.7812-rc.write.1.tlog
e:\c语言\c-language-learning\game1\game1\debug\game1.tlog\link.7812.read.1.tlog
e:\c语言\c-language-learning\game1\game1\debug\game1.tlog\link.7812.write.1.tlog
e:\c语言\c-language-learning\game1\game1\debug\game1.tlog\link.command.1.tlog
e:\c语言\c-language-learning\game1\game1\debug\game1.tlog\link.read.1.tlog
e:\c语言\c-language-learning\game1\game1\debug\game1.tlog\link.write.1.tlog
